<?xml version="1.0" encoding="utf-8" standalone="no"?>
<test-results xmlns:xsi="http://www.w3.org/2001/XMLSchema-instance" xsi:noNamespaceSchemaLocation="nunit_schema_2.5.xsd" name="Pester" total="73" errors="0" failures="0" not-run="0" inconclusive="0" ignored="0" skipped="0" invalid="0" date="2026-04-18" time="22:52:27">
  <environment os-version="10.0.26100" user-domain="ZUNAID-LAPTOP" nunit-version="2.5.8.0" user="Zunaid" platform="Microsoft Windows 11 IoT Enterprise LTSC|C:\WINDOWS|\Device\Harddisk0\Partition3" machine-name="ZUNAID-LAPTOP" cwd="D:\_installed\VScode repos\BG-Services-Orchestrator" clr-version="10.0.5" />
  <culture-info current-culture="en-US" current-uiculture="en-US" />
  <test-suite type="TestFixture" name="Pester" executed="True" result="Success" success="True" time="4.0672" asserts="0" description="Pester">
    <results>
      <test-suite type="TestFixture" name="D:\_installed\VScode repos\BG-Services-Orchestrator\tests\Dashboard.Tests.ps1" executed="True" result="Success" success="True" time="4.0672" asserts="0" description="D:\_installed\VScode repos\BG-Services-Orchestrator\tests\Dashboard.Tests.ps1">
        <results>
          <test-suite type="TestFixture" name="Dashboard Phase 3 Commit Engine" executed="True" result="Success" success="True" time="0.7619" asserts="0" description="Dashboard Phase 3 Commit Engine">
            <results>
              <test-case description="invokes orchestrator only for workload and mode entries with desired delta" name="Dashboard Phase 3 Commit Engine.invokes orchestrator only for workload and mode entries with desired delta" time="0.5765" asserts="0" success="True" result="Success" executed="True" />
            </results>
          </test-suite>
          <test-suite type="TestFixture" name="Dashboard Phase 3 Desired-State Toggle" executed="True" result="Success" success="True" time="0.9064" asserts="0" description="Dashboard Phase 3 Desired-State Toggle">
            <results>
              <test-case description="toggles Active/Inactive for non-mixed current state" name="Dashboard Phase 3 Desired-State Toggle.toggles Active/Inactive for non-mixed current state" time="0.0309" asserts="0" success="True" result="Success" executed="True" />
              <test-case description="toggles only Active/Inactive when current state is Mixed" name="Dashboard Phase 3 Desired-State Toggle.toggles only Active/Inactive when current state is Mixed" time="0.0041" asserts="0" success="True" result="Success" executed="True" />
              <test-case description="allows toggling when current and desired are empty" name="Dashboard Phase 3 Desired-State Toggle.allows toggling when current and desired are empty" time="0.0391" asserts="0" success="True" result="Success" executed="True" />
              <test-case description="renders empty state text without throwing" name="Dashboard Phase 3 Desired-State Toggle.renders empty state text without throwing" time="0.0337" asserts="0" success="True" result="Success" executed="True" />
              <test-case description="hides Inactive text in Tab 2 display" name="Dashboard Phase 3 Desired-State Toggle.hides Inactive text in Tab 2 display" time="0.0082" asserts="0" success="True" result="Success" executed="True" />
            </results>
          </test-suite>
          <test-suite type="TestFixture" name="Dashboard Phase 3 Post-Commit Messaging" executed="True" result="Success" success="True" time="0.9789" asserts="0" description="Dashboard Phase 3 Post-Commit Messaging">
            <results>
              <test-case description="harvests post-change and action-specific messages from System_Modes path" name="Dashboard Phase 3 Post-Commit Messaging.harvests post-change and action-specific messages from System_Modes path" time="0.0254" asserts="0" success="True" result="Success" executed="True" />
              <test-case description="harvests hardware post-stop message from Hardware_Definitions path" name="Dashboard Phase 3 Post-Commit Messaging.harvests hardware post-stop message from Hardware_Definitions path" time="0.0054" asserts="0" success="True" result="Success" executed="True" />
              <test-case description="returns empty messages when UIStates is empty" name="Dashboard Phase 3 Post-Commit Messaging.returns empty messages when UIStates is empty" time="0.0069" asserts="0" success="True" result="Success" executed="True" />
            </results>
          </test-suite>
          <test-suite type="TestFixture" name="Dashboard Tab 3 Manual Override Console" executed="True" result="Success" success="True" time="1.1859" asserts="0" description="Dashboard Tab 3 Manual Override Console">
            <results>
              <test-case description="toggles ON and OFF desired state for manual hardware override rows" name="Dashboard Tab 3 Manual Override Console.toggles ON and OFF desired state for manual hardware override rows" time="0.0051" asserts="0" success="True" result="Success" executed="True" />
              <test-case description="marks pending manual override rows with pending color and state" name="Dashboard Tab 3 Manual Override Console.marks pending manual override rows with pending color and state" time="0.0209" asserts="0" success="True" result="Success" executed="True" />
              <test-case description="commits hardware override rows through Hardware_Override profile type" name="Dashboard Tab 3 Manual Override Console.commits hardware override rows through Hardware_Override profile type" time="0.0551" asserts="0" success="True" result="Success" executed="True" />
              <test-case description="persists active system mode intent to state json" name="Dashboard Tab 3 Manual Override Console.persists active system mode intent to state json" time="0.0841" asserts="0" success="True" result="Success" executed="True" />
              <test-case description="bootstraps state json when missing" name="Dashboard Tab 3 Manual Override Console.bootstraps state json when missing" time="0.0116" asserts="0" success="True" result="Success" executed="True" />
            </results>
          </test-suite>
          <test-suite type="TestFixture" name="Dashboard Tab 2/3 Queue Workflow" executed="True" result="Success" success="True" time="1.4065" asserts="0" description="Dashboard Tab 2/3 Queue Workflow">
            <results>
              <test-case description="queues ideal targets for compliance violations only" name="Dashboard Tab 2/3 Queue Workflow.queues ideal targets for compliance violations only" time="0.0204" asserts="0" success="True" result="Success" executed="True" />
              <test-case description="toggles queue entry state between ON and OFF" name="Dashboard Tab 2/3 Queue Workflow.toggles queue entry state between ON and OFF" time="0.0271" asserts="0" success="True" result="Success" executed="True" />
              <test-case description="clears queue entry for selected component" name="Dashboard Tab 2/3 Queue Workflow.clears queue entry for selected component" time="0.0066" asserts="0" success="True" result="Success" executed="True" />
              <test-case description="shows queued row with queued status and yellow color" name="Dashboard Tab 2/3 Queue Workflow.shows queued row with queued status and yellow color" time="0.0093" asserts="0" success="True" result="Success" executed="True" />
              <test-case description="shows blueprint target in Desired for non-queued violation rows" name="Dashboard Tab 2/3 Queue Workflow.shows blueprint target in Desired for non-queued violation rows" time="0.007" asserts="0" success="True" result="Success" executed="True" />
              <test-case description="normalizes ANY targets to empty Desired by default" name="Dashboard Tab 2/3 Queue Workflow.normalizes ANY targets to empty Desired by default" time="0.0104" asserts="0" success="True" result="Success" executed="True" />
              <test-case description="keeps Desired tied to blueprint target even when queued differs" name="Dashboard Tab 2/3 Queue Workflow.keeps Desired tied to blueprint target even when queued differs" time="0.0098" asserts="0" success="True" result="Success" executed="True" />
              <test-case description="uses compact symbols for compliant and ignored rows" name="Dashboard Tab 2/3 Queue Workflow.uses compact symbols for compliant and ignored rows" time="0.0073" asserts="0" success="True" result="Success" executed="True" />
              <test-case description="renders unified footer layout across all tabs" name="Dashboard Tab 2/3 Queue Workflow.renders unified footer layout across all tabs" time="0.0338" asserts="0" success="True" result="Success" executed="True" />
              <test-case description="renders tab 4 footer as context-aware by selected row" name="Dashboard Tab 2/3 Queue Workflow.renders tab 4 footer as context-aware by selected row" time="0.0431" asserts="0" success="True" result="Success" executed="True" />
              <test-case description="sets active blueprint immediately and updates mode rows" name="Dashboard Tab 2/3 Queue Workflow.sets active blueprint immediately and updates mode rows" time="0.0186" asserts="0" success="True" result="Success" executed="True" />
            </results>
          </test-suite>
          <test-suite type="TestFixture" name="Dashboard Tab 4 Settings" executed="True" result="Success" success="True" time="1.9452" asserts="0" description="Dashboard Tab 4 Settings">
            <results>
              <test-case description="returns settings as active array for tab 4" name="Dashboard Tab 4 Settings.returns settings as active array for tab 4" time="0.0075" asserts="0" success="True" result="Success" executed="True" />
              <test-case description="builds tab 4 rows with section separator and action rows" name="Dashboard Tab 4 Settings.builds tab 4 rows with section separator and action rows" time="0.0087" asserts="0" success="True" result="Success" executed="True" />
              <test-case description="loads configured settings rows and provides descriptions" name="Dashboard Tab 4 Settings.loads configured settings rows and provides descriptions" time="0.0411" asserts="0" success="True" result="Success" executed="True" />
              <test-case description="reports startup logo disabled only when _config.disable_startup_logo is true" name="Dashboard Tab 4 Settings.reports startup logo disabled only when _config.disable_startup_logo is true" time="0.0171" asserts="0" success="True" result="Success" executed="True" />
              <test-case description="toggles bool and cycles choice on space" name="Dashboard Tab 4 Settings.toggles bool and cycles choice on space" time="0.032" asserts="0" success="True" result="Success" executed="True" />
              <test-case description="updates numeric setting with floor validation" name="Dashboard Tab 4 Settings.updates numeric setting with floor validation" time="0.0102" asserts="0" success="True" result="Success" executed="True" />
              <test-case description="parses Enter-input for integer settings with clamping" name="Dashboard Tab 4 Settings.parses Enter-input for integer settings with clamping" time="0.0086" asserts="0" success="True" result="Success" executed="True" />
              <test-case description="saves selected settings rows and preserves unknown config keys" name="Dashboard Tab 4 Settings.saves selected settings rows and preserves unknown config keys" time="0.0502" asserts="0" success="True" result="Success" executed="True" />
              <test-case description="global interceptor reset disables setting and commits sync-only cleanup" name="Dashboard Tab 4 Settings.global interceptor reset disables setting and commits sync-only cleanup" time="0.1181" asserts="0" success="True" result="Success" executed="True" />
              <test-case description="kills only interceptor helper shell processes during emergency cleanup" name="Dashboard Tab 4 Settings.kills only interceptor helper shell processes during emergency cleanup" time="0.1328" asserts="0" success="True" result="Success" executed="True" />
              <test-case description="marks settings row as pending when desired differs from current" name="Dashboard Tab 4 Settings.marks settings row as pending when desired differs from current" time="0.0058" asserts="0" success="True" result="Success" executed="True" />
              <test-case description="does not treat action rows as pending settings rows" name="Dashboard Tab 4 Settings.does not treat action rows as pending settings rows" time="0.0123" asserts="0" success="True" result="Success" executed="True" />
              <test-case description="shows confirm text only when action is armed" name="Dashboard Tab 4 Settings.shows confirm text only when action is armed" time="0.0049" asserts="0" success="True" result="Success" executed="True" />
              <test-case description="requires Enter twice to execute a tab 4 action row" name="Dashboard Tab 4 Settings.requires Enter twice to execute a tab 4 action row" time="0.0092" asserts="0" success="True" result="Success" executed="True" />
              <test-case description="blocks action execution when there are pending setting changes" name="Dashboard Tab 4 Settings.blocks action execution when there are pending setting changes" time="0.0051" asserts="0" success="True" result="Success" executed="True" />
              <test-case description="dispatches Reset_Interceptors action through action dispatcher" name="Dashboard Tab 4 Settings.dispatches Reset_Interceptors action through action dispatcher" time="0.032" asserts="0" success="True" result="Success" executed="True" />
              <test-case description="requires non-empty value for shortcut prefix settings" name="Dashboard Tab 4 Settings.requires non-empty value for shortcut prefix settings" time="0.0096" asserts="0" success="True" result="Success" executed="True" />
              <test-case description="applies string edit input with non-empty validation rules" name="Dashboard Tab 4 Settings.applies string edit input with non-empty validation rules" time="0.0082" asserts="0" success="True" result="Success" executed="True" />
            </results>
          </test-suite>
          <test-suite type="TestFixture" name="Dashboard Commit Scope Rules" executed="True" result="Success" success="True" time="2.103" asserts="0" description="Dashboard Commit Scope Rules">
            <results>
              <test-case description="builds commit states from workload deltas and queued hardware only" name="Dashboard Commit Scope Rules.builds commit states from workload deltas and queued hardware only" time="0.0147" asserts="0" success="True" result="Success" executed="True" />
              <test-case description="clears pending hardware queue after commit helper runs" name="Dashboard Commit Scope Rules.clears pending hardware queue after commit helper runs" time="0.064" asserts="0" success="True" result="Success" executed="True" />
              <test-case description="runs sync-only orchestrator path when there are no pending states" name="Dashboard Commit Scope Rules.runs sync-only orchestrator path when there are no pending states" time="0.0342" asserts="0" success="True" result="Success" executed="True" />
              <test-case description="persists queued settings during commit" name="Dashboard Commit Scope Rules.persists queued settings during commit" time="0.0231" asserts="0" success="True" result="Success" executed="True" />
            </results>
          </test-suite>
          <test-suite type="TestFixture" name="Dashboard scope-gated sequencer (integrated)" executed="True" result="Success" success="True" time="2.7591" asserts="0" description="Dashboard scope-gated sequencer (integrated)">
            <results>
              <test-case description="Office-only workload activation does not schedule mode hardware operations" name="Dashboard scope-gated sequencer (integrated).Office-only workload activation does not schedule mode hardware operations" time="0.0604" asserts="0" success="True" result="Success" executed="True" />
              <test-case description="prints intent sections and detailed tasks instead of phase-number lines" name="Dashboard scope-gated sequencer (integrated).prints intent sections and detailed tasks instead of phase-number lines" time="0.2849" asserts="0" success="True" result="Success" executed="True" />
              <test-case description="transitions visible task status from pending to running to done" name="Dashboard scope-gated sequencer (integrated).transitions visible task status from pending to running to done" time="0.0182" asserts="0" success="True" result="Success" executed="True" />
              <test-case description="shows running marker during execution and done marker after execution" name="Dashboard scope-gated sequencer (integrated).shows running marker during execution and done marker after execution" time="0.2259" asserts="0" success="True" result="Success" executed="True" />
              <test-case description="falls back to append rendering when cursor redraw is unavailable" name="Dashboard scope-gated sequencer (integrated).falls back to append rendering when cursor redraw is unavailable" time="0.0279" asserts="0" success="True" result="Success" executed="True" />
            </results>
          </test-suite>
          <test-suite type="TestFixture" name="Dashboard Workload Detail Modes" executed="True" result="Success" success="True" time="2.8785" asserts="0" description="Dashboard Workload Detail Modes">
            <results>
              <test-case description="cycles detail mode in the expected order" name="Dashboard Workload Detail Modes.cycles detail mode in the expected order" time="0.0087" asserts="0" success="True" result="Success" executed="True" />
              <test-case description="toggles detail mode only on workload tab when tilde is pressed" name="Dashboard Workload Detail Modes.toggles detail mode only on workload tab when tilde is pressed" time="0.0197" asserts="0" success="True" result="Success" executed="True" />
              <test-case description="renders details by mode rules" name="Dashboard Workload Detail Modes.renders details by mode rules" time="0.009" asserts="0" success="True" result="Success" executed="True" />
              <test-case description="builds compact detail rows with svc/exe labels and runtime flags" name="Dashboard Workload Detail Modes.builds compact detail rows with svc/exe labels and runtime flags" time="0.0254" asserts="0" success="True" result="Success" executed="True" />
              <test-case description="formats mixed status with check counts only for mixed rows" name="Dashboard Workload Detail Modes.formats mixed status with check counts only for mixed rows" time="0.0183" asserts="0" success="True" result="Success" executed="True" />
              <test-case description="includes detail mode hint in tab 1 footer only" name="Dashboard Workload Detail Modes.includes detail mode hint in tab 1 footer only" time="0.0087" asserts="0" success="True" result="Success" executed="True" />
            </results>
          </test-suite>
          <test-suite type="TestFixture" name="Dashboard Workload Group Label Formatting" executed="True" result="Success" success="True" time="2.936" asserts="0" description="Dashboard Workload Group Label Formatting">
            <results>
              <test-case description="pads short domain names to 8 characters inside brackets" name="Dashboard Workload Group Label Formatting.pads short domain names to 8 characters inside brackets" time="0.0119" asserts="0" success="True" result="Success" executed="True" />
              <test-case description="truncates long domain names to 8 characters inside brackets" name="Dashboard Workload Group Label Formatting.truncates long domain names to 8 characters inside brackets" time="0.0059" asserts="0" success="True" result="Success" executed="True" />
              <test-case description="falls back to plain name when domain is empty" name="Dashboard Workload Group Label Formatting.falls back to plain name when domain is empty" time="0.0041" asserts="0" success="True" result="Success" executed="True" />
            </results>
          </test-suite>
          <test-suite type="TestFixture" name="Dashboard Workload Filtering and Viewport" executed="True" result="Success" success="True" time="3.0321" asserts="0" description="Dashboard Workload Filtering and Viewport">
            <results>
              <test-case description="filters workloads by domain, favorites, mixed, and search query" name="Dashboard Workload Filtering and Viewport.filters workloads by domain, favorites, mixed, and search query" time="0.0226" asserts="0" success="True" result="Success" executed="True" />
              <test-case description="hides hidden workloads unless query explicitly matches" name="Dashboard Workload Filtering and Viewport.hides hidden workloads unless query explicitly matches" time="0.0054" asserts="0" success="True" result="Success" executed="True" />
              <test-case description="returns viewport range centered around cursor when possible" name="Dashboard Workload Filtering and Viewport.returns viewport range centered around cursor when possible" time="0.0179" asserts="0" success="True" result="Success" executed="True" />
              <test-case description="cycles domain filter across all groups and back to all" name="Dashboard Workload Filtering and Viewport.cycles domain filter across all groups and back to all" time="0.0204" asserts="0" success="True" result="Success" executed="True" />
            </results>
          </test-suite>
          <test-suite type="TestFixture" name="Dashboard Commit Return Mode" executed="True" result="Success" success="True" time="3.246" asserts="0" description="Dashboard Commit Return Mode">
            <results>
              <test-case description="uses Exit as the default commit mode" name="Dashboard Commit Return Mode.uses Exit as the default commit mode" time="0.0041" asserts="0" success="True" result="Success" executed="True" />
              <test-case description="toggles commit mode between Exit and Return" name="Dashboard Commit Return Mode.toggles commit mode between Exit and Return" time="0.0141" asserts="0" success="True" result="Success" executed="True" />
              <test-case description="formats commit mode indicator text" name="Dashboard Commit Return Mode.formats commit mode indicator text" time="0.0102" asserts="0" success="True" result="Success" executed="True" />
              <test-case description="includes commit mode text in tab footer output" name="Dashboard Commit Return Mode.includes commit mode text in tab footer output" time="0.0051" asserts="0" success="True" result="Success" executed="True" />
              <test-case description="returns Exit immediately when commit mode is Exit" name="Dashboard Commit Return Mode.returns Exit immediately when commit mode is Exit" time="0.0126" asserts="0" success="True" result="Success" executed="True" />
              <test-case description="returns ReturnToDashboard when commit mode is Return and non-escape key is pressed" name="Dashboard Commit Return Mode.returns ReturnToDashboard when commit mode is Return and non-escape key is pressed" time="0.0102" asserts="0" success="True" result="Success" executed="True" />
              <test-case description="returns Exit when commit mode is Return and escape key is pressed" name="Dashboard Commit Return Mode.returns Exit when commit mode is Return and escape key is pressed" time="0.0059" asserts="0" success="True" result="Success" executed="True" />
              <test-case description="keeps commit sequence intact in Return mode" name="Dashboard Commit Return Mode.keeps commit sequence intact in Return mode" time="0.1217" asserts="0" success="True" result="Success" executed="True" />
            </results>
          </test-suite>
        </results>
      </test-suite>
    </results>
  </test-suite>
</test-results>