<?xml version="1.0" encoding="utf-8" standalone="no"?>
<test-results xmlns:xsi="http://www.w3.org/2001/XMLSchema-instance" xsi:noNamespaceSchemaLocation="nunit_schema_2.5.xsd" name="Pester" total="45" errors="0" failures="0" not-run="0" inconclusive="0" ignored="0" skipped="0" invalid="0" date="2026-04-16" time="02:55:12">
  <environment nunit-version="2.5.8.0" machine-name="ZUNAID-LAPTOP" os-version="10.0.26100" user="Zunaid" clr-version="10.0.5" platform="Microsoft Windows 11 IoT Enterprise LTSC|C:\WINDOWS|\Device\Harddisk0\Partition3" user-domain="ZUNAID-LAPTOP" cwd="D:\_installed\VScode repos\BG-Services-Orchestrator" />
  <culture-info current-culture="en-US" current-uiculture="en-US" />
  <test-suite type="TestFixture" name="Pester" executed="True" result="Success" success="True" time="2.4288" asserts="0" description="Pester">
    <results>
      <test-suite type="TestFixture" name="D:\_installed\VScode repos\BG-Services-Orchestrator\Dashboard.Tests.ps1" executed="True" result="Success" success="True" time="1.3819" asserts="0" description="D:\_installed\VScode repos\BG-Services-Orchestrator\Dashboard.Tests.ps1">
        <results>
          <test-suite type="TestFixture" name="Dashboard Phase 3 Commit Engine" executed="True" result="Success" success="True" time="0.4502" asserts="0" description="Dashboard Phase 3 Commit Engine">
            <results>
              <test-case description="invokes orchestrator only for workload and mode entries with desired delta" name="Dashboard Phase 3 Commit Engine.invokes orchestrator only for workload and mode entries with desired delta" time="0.3631" asserts="0" success="True" result="Success" executed="True" />
            </results>
          </test-suite>
          <test-suite type="TestFixture" name="Dashboard Phase 3 Desired-State Toggle" executed="True" result="Success" success="True" time="0.5246" asserts="0" description="Dashboard Phase 3 Desired-State Toggle">
            <results>
              <test-case description="toggles Active/Inactive for non-mixed current state" name="Dashboard Phase 3 Desired-State Toggle.toggles Active/Inactive for non-mixed current state" time="0.0251" asserts="0" success="True" result="Success" executed="True" />
              <test-case description="toggles only Active/Inactive when current state is Mixed" name="Dashboard Phase 3 Desired-State Toggle.toggles only Active/Inactive when current state is Mixed" time="0.0034" asserts="0" success="True" result="Success" executed="True" />
              <test-case description="allows toggling when current and desired are empty" name="Dashboard Phase 3 Desired-State Toggle.allows toggling when current and desired are empty" time="0.0036" asserts="0" success="True" result="Success" executed="True" />
              <test-case description="renders empty state text without throwing" name="Dashboard Phase 3 Desired-State Toggle.renders empty state text without throwing" time="0.0154" asserts="0" success="True" result="Success" executed="True" />
              <test-case description="hides Inactive text in Tab 2 display" name="Dashboard Phase 3 Desired-State Toggle.hides Inactive text in Tab 2 display" time="0.0115" asserts="0" success="True" result="Success" executed="True" />
            </results>
          </test-suite>
          <test-suite type="TestFixture" name="Dashboard Phase 3 Post-Commit Messaging" executed="True" result="Success" success="True" time="0.5558" asserts="0" description="Dashboard Phase 3 Post-Commit Messaging">
            <results>
              <test-case description="harvests post-change and action-specific messages from System_Modes path" name="Dashboard Phase 3 Post-Commit Messaging.harvests post-change and action-specific messages from System_Modes path" time="0.0144" asserts="0" success="True" result="Success" executed="True" />
              <test-case description="harvests hardware post-stop message from Hardware_Definitions path" name="Dashboard Phase 3 Post-Commit Messaging.harvests hardware post-stop message from Hardware_Definitions path" time="0.0048" asserts="0" success="True" result="Success" executed="True" />
            </results>
          </test-suite>
          <test-suite type="TestFixture" name="Dashboard Tab 3 Manual Override Console" executed="True" result="Success" success="True" time="0.6925" asserts="0" description="Dashboard Tab 3 Manual Override Console">
            <results>
              <test-case description="toggles ON and OFF desired state for manual hardware override rows" name="Dashboard Tab 3 Manual Override Console.toggles ON and OFF desired state for manual hardware override rows" time="0.0048" asserts="0" success="True" result="Success" executed="True" />
              <test-case description="marks pending manual override rows with pending color and state" name="Dashboard Tab 3 Manual Override Console.marks pending manual override rows with pending color and state" time="0.0221" asserts="0" success="True" result="Success" executed="True" />
              <test-case description="commits hardware override rows through Hardware_Override profile type" name="Dashboard Tab 3 Manual Override Console.commits hardware override rows through Hardware_Override profile type" time="0.0364" asserts="0" success="True" result="Success" executed="True" />
              <test-case description="persists active system mode intent to state json" name="Dashboard Tab 3 Manual Override Console.persists active system mode intent to state json" time="0.0317" asserts="0" success="True" result="Success" executed="True" />
              <test-case description="bootstraps state json when missing" name="Dashboard Tab 3 Manual Override Console.bootstraps state json when missing" time="0.0267" asserts="0" success="True" result="Success" executed="True" />
            </results>
          </test-suite>
          <test-suite type="TestFixture" name="Dashboard Tab 2/3 Queue Workflow" executed="True" result="Success" success="True" time="0.7825" asserts="0" description="Dashboard Tab 2/3 Queue Workflow">
            <results>
              <test-case description="queues ideal targets for compliance violations only" name="Dashboard Tab 2/3 Queue Workflow.queues ideal targets for compliance violations only" time="0.0088" asserts="0" success="True" result="Success" executed="True" />
              <test-case description="toggles queue entry state between ON and OFF" name="Dashboard Tab 2/3 Queue Workflow.toggles queue entry state between ON and OFF" time="0.0057" asserts="0" success="True" result="Success" executed="True" />
              <test-case description="clears queue entry for selected component" name="Dashboard Tab 2/3 Queue Workflow.clears queue entry for selected component" time="0.0066" asserts="0" success="True" result="Success" executed="True" />
              <test-case description="shows queued row with queued status and yellow color" name="Dashboard Tab 2/3 Queue Workflow.shows queued row with queued status and yellow color" time="0.0064" asserts="0" success="True" result="Success" executed="True" />
              <test-case description="shows blueprint target in Desired for non-queued violation rows" name="Dashboard Tab 2/3 Queue Workflow.shows blueprint target in Desired for non-queued violation rows" time="0.007" asserts="0" success="True" result="Success" executed="True" />
              <test-case description="normalizes ANY targets to empty Desired by default" name="Dashboard Tab 2/3 Queue Workflow.normalizes ANY targets to empty Desired by default" time="0.0121" asserts="0" success="True" result="Success" executed="True" />
              <test-case description="keeps Desired tied to blueprint target even when queued differs" name="Dashboard Tab 2/3 Queue Workflow.keeps Desired tied to blueprint target even when queued differs" time="0.0053" asserts="0" success="True" result="Success" executed="True" />
              <test-case description="uses compact symbols for compliant and ignored rows" name="Dashboard Tab 2/3 Queue Workflow.uses compact symbols for compliant and ignored rows" time="0.0033" asserts="0" success="True" result="Success" executed="True" />
              <test-case description="renders tab-specific footer action text" name="Dashboard Tab 2/3 Queue Workflow.renders tab-specific footer action text" time="0.0062" asserts="0" success="True" result="Success" executed="True" />
              <test-case description="sets active blueprint immediately and updates mode rows" name="Dashboard Tab 2/3 Queue Workflow.sets active blueprint immediately and updates mode rows" time="0.0138" asserts="0" success="True" result="Success" executed="True" />
            </results>
          </test-suite>
          <test-suite type="TestFixture" name="Dashboard Commit Scope Rules" executed="True" result="Success" success="True" time="0.8201" asserts="0" description="Dashboard Commit Scope Rules">
            <results>
              <test-case description="builds commit states from workload deltas and queued hardware only" name="Dashboard Commit Scope Rules.builds commit states from workload deltas and queued hardware only" time="0.0124" asserts="0" success="True" result="Success" executed="True" />
              <test-case description="clears pending hardware queue after commit helper runs" name="Dashboard Commit Scope Rules.clears pending hardware queue after commit helper runs" time="0.011" asserts="0" success="True" result="Success" executed="True" />
            </results>
          </test-suite>
          <test-suite type="TestFixture" name="Dashboard Workload Detail Modes" executed="True" result="Success" success="True" time="0.8977" asserts="0" description="Dashboard Workload Detail Modes">
            <results>
              <test-case description="cycles detail mode in the expected order" name="Dashboard Workload Detail Modes.cycles detail mode in the expected order" time="0.0048" asserts="0" success="True" result="Success" executed="True" />
              <test-case description="toggles detail mode only on workload tab when tilde is pressed" name="Dashboard Workload Detail Modes.toggles detail mode only on workload tab when tilde is pressed" time="0.007" asserts="0" success="True" result="Success" executed="True" />
              <test-case description="renders details by mode rules" name="Dashboard Workload Detail Modes.renders details by mode rules" time="0.006" asserts="0" success="True" result="Success" executed="True" />
              <test-case description="builds compact detail rows with svc/exe labels and runtime flags" name="Dashboard Workload Detail Modes.builds compact detail rows with svc/exe labels and runtime flags" time="0.0223" asserts="0" success="True" result="Success" executed="True" />
              <test-case description="formats mixed status with check counts only for mixed rows" name="Dashboard Workload Detail Modes.formats mixed status with check counts only for mixed rows" time="0.0196" asserts="0" success="True" result="Success" executed="True" />
              <test-case description="includes detail mode hint in tab 1 footer only" name="Dashboard Workload Detail Modes.includes detail mode hint in tab 1 footer only" time="0.0044" asserts="0" success="True" result="Success" executed="True" />
            </results>
          </test-suite>
        </results>
      </test-suite>
      <test-suite type="TestFixture" name="D:\_installed\VScode repos\BG-Services-Orchestrator\Orchestrator.Tests.ps1" executed="True" result="Success" success="True" time="0.4619" asserts="0" description="D:\_installed\VScode repos\BG-Services-Orchestrator\Orchestrator.Tests.ps1">
        <results>
          <test-suite type="TestFixture" name="Orchestrator Dictionary/Matrix Execution" executed="True" result="Success" success="True" time="0.4167" asserts="0" description="Orchestrator Dictionary/Matrix Execution">
            <results>
              <test-case description="starts an App_Workload and executes executable strings" name="Orchestrator Dictionary/Matrix Execution.starts an App_Workload and executes executable strings" time="0.1182" asserts="0" success="True" result="Success" executed="True" />
              <test-case description="starts a System_Mode and formats Disable-PnpDevice EncodedCommand for OFF target" name="Orchestrator Dictionary/Matrix Execution.starts a System_Mode and formats Disable-PnpDevice EncodedCommand for OFF target" time="0.0674" asserts="0" success="True" result="Success" executed="True" />
              <test-case description="uses action_override_off instead of native command when desired state is OFF" name="Orchestrator Dictionary/Matrix Execution.uses action_override_off instead of native command when desired state is OFF" time="0.0638" asserts="0" success="True" result="Success" executed="True" />
              <test-case description="routes Hardware_Override to a single hardware component and uses override action" name="Orchestrator Dictionary/Matrix Execution.routes Hardware_Override to a single hardware component and uses override action" time="0.0418" asserts="0" success="True" result="Success" executed="True" />
              <test-case description="uses native Hardware_Override pnp command when no action override is defined" name="Orchestrator Dictionary/Matrix Execution.uses native Hardware_Override pnp command when no action override is defined" time="0.0465" asserts="0" success="True" result="Success" executed="True" />
              <test-case description="skips Hardware_Override execution when target_state is ANY" name="Orchestrator Dictionary/Matrix Execution.skips Hardware_Override execution when target_state is ANY" time="0.0338" asserts="0" success="True" result="Success" executed="True" />
              <test-case description="hardware override stop action maps directly to OFF for service targets" name="Orchestrator Dictionary/Matrix Execution.hardware override stop action maps directly to OFF for service targets" time="0.0408" asserts="0" success="True" result="Success" executed="True" />
            </results>
          </test-suite>
        </results>
      </test-suite>
      <test-suite type="TestFixture" name="D:\_installed\VScode repos\BG-Services-Orchestrator\WorkspaceState.Tests.ps1" executed="True" result="Success" success="True" time="0.585" asserts="0" description="D:\_installed\VScode repos\BG-Services-Orchestrator\WorkspaceState.Tests.ps1">
        <results>
          <test-suite type="TestFixture" name="Workspace State Engine (Declarative Matrix)" executed="True" result="Success" success="True" time="0.5463" asserts="0" description="Workspace State Engine (Declarative Matrix)">
            <results>
              <test-case description="marks App_Workload as Active when all declared checks are running" name="Workspace State Engine (Declarative Matrix).marks App_Workload as Active when all declared checks are running" time="0.1565" asserts="0" success="True" result="Success" executed="True" />
              <test-case description="captures mixed runtime details for workloads with partial matches" name="Workspace State Engine (Declarative Matrix).captures mixed runtime details for workloads with partial matches" time="0.0536" asserts="0" success="True" result="Success" executed="True" />
              <test-case description="provides stable empty runtime details when workload has no checks" name="Workspace State Engine (Declarative Matrix).provides stable empty runtime details when workload has no checks" time="0.0557" asserts="0" success="True" result="Success" executed="True" />
              <test-case description="uses persisted Active_System_Mode for strict Active/Inactive status" name="Workspace State Engine (Declarative Matrix).uses persisted Active_System_Mode for strict Active/Inactive status" time="0.0892" asserts="0" success="True" result="Success" executed="True" />
              <test-case description="builds compliance rows once per hardware definition using active mode targets" name="Workspace State Engine (Declarative Matrix).builds compliance rows once per hardware definition using active mode targets" time="0.0639" asserts="0" success="True" result="Success" executed="True" />
              <test-case description="defaults all compliance targets to ANY when no active mode is persisted" name="Workspace State Engine (Declarative Matrix).defaults all compliance targets to ANY when no active mode is persisted" time="0.059" asserts="0" success="True" result="Success" executed="True" />
              <test-case description="creates a default state file when one does not exist" name="Workspace State Engine (Declarative Matrix).creates a default state file when one does not exist" time="0.0491" asserts="0" success="True" result="Success" executed="True" />
            </results>
          </test-suite>
        </results>
      </test-suite>
    </results>
  </test-suite>
</test-results>